<?xml version="1.0" encoding="UTF-8"?>
<!-- Generated by org.testng.reporters.JUnitReportReporter -->
<testsuite hostname="WKWZT8oBWDXnSux" failures="0" tests="1" name="day1.Selenium_Edge" time="5.086" errors="0" timestamp="2022-11-23T05:57:39 IST" skipped="0">
  <testcase classname="day1.Selenium_Edge" name="name" time="5.086"/>
  <system-out/>
</testsuite> <!-- day1.Selenium_Edge -->
