<?xml version="1.0" encoding="UTF-8"?>
<!-- Generated by org.testng.reporters.JUnitReportReporter -->
<testsuite hostname="WKWZT8oBWDXnSux" failures="0" tests="2" name="day3.AssertionDemo" time="3.025" errors="0" timestamp="2022-11-23T05:57:39 IST" skipped="0">
  <testcase classname="day3.AssertionDemo" name="vefifyURL" time="3.019"/>
  <system-out/>
  <testcase classname="day3.AssertionDemo" name="logOut" time="0.006"/>
  <system-out/>
</testsuite> <!-- day3.AssertionDemo -->
