<?xml version="1.0" encoding="UTF-8"?>
<!-- Generated by org.testng.reporters.JUnitReportReporter -->
<testsuite hostname="WKWZT8oBWDXnSux" failures="0" tests="3" name="day4.ReadingExcel2" time="20.755" errors="0" timestamp="2022-11-23T21:17:04 IST" skipped="0">
  <testcase classname="day4.ReadingExcel2" name="myTest" time="6.050"/>
  <system-out/>
  <testcase classname="day4.ReadingExcel2" name="myTest" time="6.348"/>
  <system-out/>
  <testcase classname="day4.ReadingExcel2" name="myTest" time="8.357"/>
  <system-out/>
</testsuite> <!-- day4.ReadingExcel2 -->
