<?xml version="1.0" encoding="UTF-8"?>
<!-- Generated by org.testng.reporters.JUnitReportReporter -->
<testsuite hostname="WKWZT8oBWDXnSux" failures="0" tests="1" name="day5.TestingWithBrowserStack" time="11.759" errors="0" timestamp="2022-11-24T10:04:10 IST" skipped="0">
  <testcase classname="day5.TestingWithBrowserStack" name="testing" time="11.759"/>
  <system-out/>
</testsuite> <!-- day5.TestingWithBrowserStack -->
