<?xml version="1.0" encoding="UTF-8"?>
<!-- Generated by org.testng.reporters.JUnitReportReporter -->
<testsuite hostname="WKWZT8oBWDXnSux" failures="0" tests="4" name="day3.MyFirstTestNGTest" time="0.006" errors="0" timestamp="2022-11-23T05:57:39 IST" skipped="0">
  <testcase classname="day3.MyFirstTestNGTest" name="createAccount" time="0.006"/>
  <system-out/>
  <testcase classname="day3.MyFirstTestNGTest" name="LogIn" time="0.000"/>
  <system-out/>
  <testcase classname="day3.MyFirstTestNGTest" name="logoutFromApplication" time="0.000"/>
  <system-out/>
  <testcase classname="day3.MyFirstTestNGTest" name="deleteAccount" time="0.000"/>
  <system-out/>
</testsuite> <!-- day3.MyFirstTestNGTest -->
