<?xml version="1.0" encoding="UTF-8"?>
<!-- Generated by org.testng.reporters.JUnitReportReporter -->
<testsuite hostname="WKWZT8oBWDXnSux" failures="0" tests="5" name="day5.BrowserStackParallelExecution" time="68.196" errors="0" timestamp="2022-11-24T12:26:33 IST" skipped="0">
  <testcase classname="day5.BrowserStackParallelExecution" name="testing" time="11.854"/>
  <system-out/>
  <testcase classname="day5.BrowserStackParallelExecution" name="testing" time="17.441"/>
  <system-out/>
  <testcase classname="day5.BrowserStackParallelExecution" name="testing" time="12.685"/>
  <system-out/>
  <testcase classname="day5.BrowserStackParallelExecution" name="testing" time="15.730"/>
  <system-out/>
  <testcase classname="day5.BrowserStackParallelExecution" name="testing" time="10.486"/>
  <system-out/>
</testsuite> <!-- day5.BrowserStackParallelExecution -->
