<?xml version="1.0" encoding="UTF-8"?>
<!-- Generated by org.testng.reporters.JUnitReportReporter -->
<testsuite hostname="WKWZT8oBWDXnSux" failures="0" tests="4" name="day3.DemoTestNG" time="0.009" errors="0" timestamp="2022-11-23T05:57:39 IST" skipped="0">
  <testcase classname="day3.DemoTestNG" name="createAccount" time="0.000"/>
  <system-out/>
  <testcase classname="day3.DemoTestNG" name="LogIn" time="0.000"/>
  <system-out/>
  <testcase classname="day3.DemoTestNG" name="logoutFromApplication" time="0.008"/>
  <system-out/>
  <testcase classname="day3.DemoTestNG" name="deleteAccount" time="0.001"/>
  <system-out/>
</testsuite> <!-- day3.DemoTestNG -->
