<?xml version="1.0" encoding="UTF-8"?>
<!-- Generated by org.testng.reporters.JUnitReportReporter -->
<testsuite hostname="WKWZT8oBWDXnSux" failures="0" tests="4" name="day3.LoginTest" time="35.867" errors="0" timestamp="2022-11-23T05:57:39 IST" skipped="0">
  <testcase classname="day3.LoginTest" name="verifyUrl" time="7.811"/>
  <system-out/>
  <testcase classname="day3.LoginTest" name="verifyWithWrongUsername" time="7.611"/>
  <system-out/>
  <testcase classname="day3.LoginTest" name="verifywithBalank" time="7.322"/>
  <system-out/>
  <testcase classname="day3.LoginTest" name="verifLoginWithValidCredentials" time="13.123"/>
  <system-out/>
</testsuite> <!-- day3.LoginTest -->
